<?xml version="1.0" encoding="UTF-8"?>
<testng-results ignored="0" total="1" passed="1" failed="0" skipped="0">
  <reporter-output>
  </reporter-output>
  <suite started-at="2024-04-06T13:34:52 IST" name="Surefire suite" finished-at="2024-04-06T13:34:52 IST" duration-ms="153">
    <groups>
    </groups>
    <test started-at="2024-04-06T13:34:52 IST" name="Surefire test" finished-at="2024-04-06T13:34:52 IST" duration-ms="153">
      <class name="samples.Testng_01.AppTest">
        <test-method signature="testApp()" started-at="2024-04-06T13:34:52 IST" name="testApp" finished-at="2024-04-06T13:34:52 IST" duration-ms="73" status="PASS">
          <reporter-output>
          </reporter-output>
        </test-method> <!-- testApp -->
      </class> <!-- samples.Testng_01.AppTest -->
    </test> <!-- Surefire test -->
  </suite> <!-- Surefire suite -->
</testng-results>
